{
  "RSpec": {
    "coverage": {
      "/Users/amitmudgal/Documents/rubyCode/fromAleks/splice-jruby/app/models/user.rb": [
        0,
        0,
        0,
        0,
        null,
        0,
        0,
        null,
        0,
        null
      ],
      "/Users/amitmudgal/Documents/rubyCode/fromAleks/splice-jruby/app/models/tag.rb": [
        0,
        0,
        null
      ],
      "/Users/amitmudgal/Documents/rubyCode/fromAleks/splice-jruby/app/models/company.rb": [
        0,
        0,
        null,
        0,
        0,
        0,
        null,
        0,
        null,
        0,
        null,
        0,
        null,
        0,
        0,
        null,
        null,
        0,
        0,
        null,
        null
      ],
      "/Users/amitmudgal/Documents/rubyCode/fromAleks/splice-jruby/app/models/address.rb": [
        0,
        0,
        null
      ],
      "/Users/amitmudgal/Documents/rubyCode/fromAleks/splice-jruby/app/models/concerns/scopeable.rb": [
        0,
        0,
        null,
        0,
        0,
        0,
        0,
        0,
        0,
        0,
        null,
        null
      ],
      "/Users/amitmudgal/Documents/rubyCode/fromAleks/splice-jruby/app/models/profile.rb": [
        0,
        0,
        0,
        0,
        null
      ],
      "/Users/amitmudgal/Documents/rubyCode/fromAleks/splice-jruby/app/controllers/application_controller.rb": [
        0,
        0,
        0,
        0,
        0
      ],
      "/Users/amitmudgal/Documents/rubyCode/fromAleks/splice-jruby/app/controllers/benchmarks_controller.rb": [
        0,
        0,
        0,
        0,
        0,
        0,
        0,
        0,
        0,
        0,
        0,
        0,
        0,
        0,
        0,
        0,
        0,
        0,
        0,
        0,
        0,
        0,
        0,
        0,
        0,
        0,
        0,
        0,
        0,
        0,
        0,
        0,
        0,
        0,
        0,
        0,
        0,
        0,
        0,
        0,
        0,
        0,
        0,
        0,
        0,
        0
      ],
      "/Users/amitmudgal/Documents/rubyCode/fromAleks/splice-jruby/app/controllers/pages_controller.rb": [
        0,
        0,
        0,
        0,
        0,
        0
      ],
      "/Users/amitmudgal/Documents/rubyCode/fromAleks/splice-jruby/app/decorators/subscriber_decorator.rb": [
        0,
        0,
        0,
        0
      ],
      "/Users/amitmudgal/Documents/rubyCode/fromAleks/splice-jruby/app/workers/mail_worker.rb": [
        0,
        0,
        0,
        0,
        0,
        0,
        0,
        0,
        0
      ],
      "/Users/amitmudgal/Documents/rubyCode/fromAleks/splice-jruby/lib/database_loader.rb": [
        0,
        0,
        0,
        0,
        0,
        0,
        0,
        0,
        0,
        0,
        0,
        0,
        0,
        0,
        0,
        0,
        0,
        0
      ],
      "/Users/amitmudgal/Documents/rubyCode/fromAleks/splice-jruby/lib/splice_benchmarks.rb": [
        0,
        0,
        0,
        0,
        0,
        0,
        0,
        0,
        0,
        0,
        0,
        0,
        0,
        0,
        0,
        0,
        0,
        0,
        0,
        0,
        0,
        0,
        0,
        0,
        0,
        0,
        0,
        0,
        0,
        0,
        0,
        0,
        0,
        0,
        0,
        0,
        0,
        0,
        0,
        0,
        0,
        0,
        0,
        0,
        0,
        0,
        0,
        0,
        0,
        0,
        0,
        0,
        0,
        0,
        0,
        0,
        0,
        0,
        0,
        0,
        0,
        0,
        0,
        0,
        0,
        0,
        0,
        0,
        0,
        0,
        0,
        0,
        0,
        0,
        0,
        0,
        0,
        0,
        0,
        0,
        0,
        0,
        0,
        0,
        0,
        0,
        0,
        0,
        0,
        0,
        0,
        0,
        0,
        0,
        0,
        0,
        0,
        0,
        0,
        0,
        0,
        0,
        0,
        0,
        0,
        0
      ]
    },
    "timestamp": 1479395295
  }
}
